<?xml version="1.0" encoding="UTF-8"?>
<!-- Generated by org.testng.reporters.JUnitXMLReporter -->
<testsuite hostname="DEEP-1808222042" ignored="3" name="Test" tests="5" failures="0" timestamp="11 七月 2019 03:53:24 GMT" time="95.219" errors="0">
  <testcase name="testLogin" time="4.355" classname="com.f.dianqingoa.testcase.SuiteTest001_Login"/>
  <testcase name="testLogout" time="2.698" classname="com.f.dianqingoa.testcase.SuiteTest002_Logout"/>
  <testcase name="test01_switchCourse" time="2.106" classname="com.f.dianqingoa.testcase.SuiteTest003_SwitchTitle"/>
  <testcase name="test02_switchPracticalCourse" time="5.353" classname="com.f.dianqingoa.testcase.SuiteTest003_SwitchTitle"/>
  <testcase name="test03_switchEmploymentClasses" time="9.611" classname="com.f.dianqingoa.testcase.SuiteTest003_SwitchTitle"/>
  <testcase name="test05_switchApeAsk" time="0.0" classname="com.f.dianqingoa.testcase.SuiteTest003_SwitchTitle">
    <ignored/>
  </testcase> <!-- test05_switchApeAsk -->
  <testcase name="test06_switchNotes" time="0.0" classname="com.f.dianqingoa.testcase.SuiteTest003_SwitchTitle">
    <ignored/>
  </testcase> <!-- test06_switchNotes -->
  <testcase name="test04_switchSpecialColumn" time="0.0" classname="com.f.dianqingoa.testcase.SuiteTest003_SwitchTitle">
    <ignored/>
  </testcase> <!-- test04_switchSpecialColumn -->
</testsuite> <!-- Test -->
