<?xml version="1.0" encoding="UTF-8"?>
<!-- Generated by org.testng.reporters.JUnitXMLReporter -->
<testsuite hostname="DEEP-1808222042" ignored="0" name="Test2" tests="14" failures="2" timestamp="12 七月 2019 05:32:39 GMT" time="154.517" errors="0">
  <testcase name="testLogin" time="7.453" classname="com.f.dianqingoa.testcase.SuiteTest001_Login"/>
  <testcase name="testLogout" time="2.849" classname="com.f.dianqingoa.testcase.SuiteTest002_Logout"/>
  <testcase name="test01_switchCourse" time="2.927" classname="com.f.dianqingoa.testcase.SuiteTest003_SwitchTitle"/>
  <testcase name="test02_switchPracticalCourse" time="10.351" classname="com.f.dianqingoa.testcase.SuiteTest003_SwitchTitle"/>
  <testcase name="test03_switchEmploymentClasses" time="13.909" classname="com.f.dianqingoa.testcase.SuiteTest003_SwitchTitle"/>
  <testcase name="test04_switchSpecialColumn" time="8.158" classname="com.f.dianqingoa.testcase.SuiteTest003_SwitchTitle"/>
  <testcase name="test05_switchApeAsk" time="3.689" classname="com.f.dianqingoa.testcase.SuiteTest003_SwitchTitle">
    <skipped/>
  </testcase> <!-- test05_switchApeAsk -->
  <testcase name="test05_switchApeAsk" time="1.624" classname="com.f.dianqingoa.testcase.SuiteTest003_SwitchTitle">
    <skipped/>
  </testcase> <!-- test05_switchApeAsk -->
  <testcase name="test05_switchApeAsk" time="1.548" classname="com.f.dianqingoa.testcase.SuiteTest003_SwitchTitle">
    <skipped/>
  </testcase> <!-- test05_switchApeAsk -->
  <testcase name="test05_switchApeAsk" time="2.322" classname="com.f.dianqingoa.testcase.SuiteTest003_SwitchTitle">
    <failure type="java.lang.AssertionError" message="跳转转失败！！！ expected [true] but found [false]">
      <![CDATA[java.lang.AssertionError: 跳转转失败！！！ expected [true] but found [false]
at com.f.dianqingoa.testcase.SuiteTest003_SwitchTitle.test05_switchApeAsk(SuiteTest003_SwitchTitle.java:113)
at java.util.concurrent.ThreadPoolExecutor.runWorker(ThreadPoolExecutor.java:1142)
at java.util.concurrent.ThreadPoolExecutor$Worker.run(ThreadPoolExecutor.java:617)
at java.lang.Thread.run(Thread.java:745)
... Removed 13 stack frames]]>
    </failure>
  </testcase> <!-- test05_switchApeAsk -->
  <testcase name="test06_switchNotes" time="4.345" classname="com.f.dianqingoa.testcase.SuiteTest003_SwitchTitle">
    <skipped/>
  </testcase> <!-- test06_switchNotes -->
  <testcase name="test06_switchNotes" time="3.698" classname="com.f.dianqingoa.testcase.SuiteTest003_SwitchTitle">
    <skipped/>
  </testcase> <!-- test06_switchNotes -->
  <testcase name="test06_switchNotes" time="3.76" classname="com.f.dianqingoa.testcase.SuiteTest003_SwitchTitle">
    <skipped/>
  </testcase> <!-- test06_switchNotes -->
  <testcase name="test06_switchNotes" time="2.666" classname="com.f.dianqingoa.testcase.SuiteTest003_SwitchTitle">
    <failure type="java.lang.AssertionError" message="跳转转失败！！！ expected [true] but found [false]">
      <![CDATA[java.lang.AssertionError: 跳转转失败！！！ expected [true] but found [false]
at com.f.dianqingoa.testcase.SuiteTest003_SwitchTitle.test06_switchNotes(SuiteTest003_SwitchTitle.java:122)
at java.util.concurrent.ThreadPoolExecutor.runWorker(ThreadPoolExecutor.java:1142)
at java.util.concurrent.ThreadPoolExecutor$Worker.run(ThreadPoolExecutor.java:617)
at java.lang.Thread.run(Thread.java:745)
... Removed 13 stack frames]]>
    </failure>
  </testcase> <!-- test06_switchNotes -->
</testsuite> <!-- Test2 -->
