<?xml version="1.0" encoding="UTF-8"?>
<!-- Generated by org.testng.reporters.JUnitXMLReporter -->
<testsuite hostname="DEEP-1808222042" ignored="0" name="Test2" tests="17" failures="3" timestamp="13 七月 2019 12:16:25 GMT" time="133.422" errors="0">
  <testcase name="testLogin" time="4.28" classname="com.f.dianqingoa.testcase.SuiteTest001_Login"/>
  <testcase name="testLogout" time="2.986" classname="com.f.dianqingoa.testcase.SuiteTest002_Logout"/>
  <testcase name="test01_switchCourse" time="2.158" classname="com.f.dianqingoa.testcase.SuiteTest003_SwitchTitle"/>
  <testcase name="test02_switchPracticalCourse" time="5.286" classname="com.f.dianqingoa.testcase.SuiteTest003_SwitchTitle"/>
  <testcase name="test03_switchEmploymentClasses" time="8.667" classname="com.f.dianqingoa.testcase.SuiteTest003_SwitchTitle"/>
  <testcase name="test04_switchSpecialColumn" time="5.291" classname="com.f.dianqingoa.testcase.SuiteTest003_SwitchTitle">
    <skipped/>
  </testcase> <!-- test04_switchSpecialColumn -->
  <testcase name="test04_switchSpecialColumn" time="4.309" classname="com.f.dianqingoa.testcase.SuiteTest003_SwitchTitle">
    <skipped/>
  </testcase> <!-- test04_switchSpecialColumn -->
  <testcase name="test04_switchSpecialColumn" time="2.851" classname="com.f.dianqingoa.testcase.SuiteTest003_SwitchTitle">
    <skipped/>
  </testcase> <!-- test04_switchSpecialColumn -->
  <testcase name="test04_switchSpecialColumn" time="1.765" classname="com.f.dianqingoa.testcase.SuiteTest003_SwitchTitle">
    <failure type="java.lang.AssertionError" message="跳转转失败！！！ expected [true] but found [false]">
      <![CDATA[java.lang.AssertionError: 跳转转失败！！！ expected [true] but found [false]
at com.f.dianqingoa.testcase.SuiteTest003_SwitchTitle.test04_switchSpecialColumn(SuiteTest003_SwitchTitle.java:104)
at java.util.concurrent.ThreadPoolExecutor.runWorker(ThreadPoolExecutor.java:1142)
at java.util.concurrent.ThreadPoolExecutor$Worker.run(ThreadPoolExecutor.java:617)
at java.lang.Thread.run(Thread.java:745)
... Removed 13 stack frames]]>
    </failure>
  </testcase> <!-- test04_switchSpecialColumn -->
  <testcase name="test05_switchApeAsk" time="2.266" classname="com.f.dianqingoa.testcase.SuiteTest003_SwitchTitle">
    <skipped/>
  </testcase> <!-- test05_switchApeAsk -->
  <testcase name="test05_switchApeAsk" time="3.074" classname="com.f.dianqingoa.testcase.SuiteTest003_SwitchTitle">
    <skipped/>
  </testcase> <!-- test05_switchApeAsk -->
  <testcase name="test05_switchApeAsk" time="2.864" classname="com.f.dianqingoa.testcase.SuiteTest003_SwitchTitle">
    <skipped/>
  </testcase> <!-- test05_switchApeAsk -->
  <testcase name="test05_switchApeAsk" time="1.071" classname="com.f.dianqingoa.testcase.SuiteTest003_SwitchTitle">
    <failure type="java.lang.AssertionError" message="跳转转失败！！！ expected [true] but found [false]">
      <![CDATA[java.lang.AssertionError: 跳转转失败！！！ expected [true] but found [false]
at com.f.dianqingoa.testcase.SuiteTest003_SwitchTitle.test05_switchApeAsk(SuiteTest003_SwitchTitle.java:113)
at java.util.concurrent.ThreadPoolExecutor.runWorker(ThreadPoolExecutor.java:1142)
at java.util.concurrent.ThreadPoolExecutor$Worker.run(ThreadPoolExecutor.java:617)
at java.lang.Thread.run(Thread.java:745)
... Removed 13 stack frames]]>
    </failure>
  </testcase> <!-- test05_switchApeAsk -->
  <testcase name="test06_switchNotes" time="5.759" classname="com.f.dianqingoa.testcase.SuiteTest003_SwitchTitle">
    <skipped/>
  </testcase> <!-- test06_switchNotes -->
  <testcase name="test06_switchNotes" time="3.945" classname="com.f.dianqingoa.testcase.SuiteTest003_SwitchTitle">
    <skipped/>
  </testcase> <!-- test06_switchNotes -->
  <testcase name="test06_switchNotes" time="1.613" classname="com.f.dianqingoa.testcase.SuiteTest003_SwitchTitle">
    <skipped/>
  </testcase> <!-- test06_switchNotes -->
  <testcase name="test06_switchNotes" time="3.288" classname="com.f.dianqingoa.testcase.SuiteTest003_SwitchTitle">
    <failure type="java.lang.AssertionError" message="跳转转失败！！！ expected [true] but found [false]">
      <![CDATA[java.lang.AssertionError: 跳转转失败！！！ expected [true] but found [false]
at com.f.dianqingoa.testcase.SuiteTest003_SwitchTitle.test06_switchNotes(SuiteTest003_SwitchTitle.java:122)
at java.util.concurrent.ThreadPoolExecutor.runWorker(ThreadPoolExecutor.java:1142)
at java.util.concurrent.ThreadPoolExecutor$Worker.run(ThreadPoolExecutor.java:617)
at java.lang.Thread.run(Thread.java:745)
... Removed 13 stack frames]]>
    </failure>
  </testcase> <!-- test06_switchNotes -->
</testsuite> <!-- Test2 -->
