<?xml version="1.0" encoding="UTF-8"?>
<!-- Generated by org.testng.reporters.JUnitXMLReporter -->
<testsuite hostname="DEEP-1808222042" ignored="0" name="Test2" tests="13" failures="2" timestamp="12 七月 2019 10:47:15 GMT" time="122.955" errors="0">
  <testcase name="testLogout" time="6.814" classname="com.f.dianqingoa.testcase.SuiteTest002_Logout"/>
  <testcase name="test01_switchCourse" time="7.844" classname="com.f.dianqingoa.testcase.SuiteTest003_SwitchTitle"/>
  <testcase name="test02_switchPracticalCourse" time="9.764" classname="com.f.dianqingoa.testcase.SuiteTest003_SwitchTitle"/>
  <testcase name="test03_switchEmploymentClasses" time="11.124" classname="com.f.dianqingoa.testcase.SuiteTest003_SwitchTitle"/>
  <testcase name="test04_switchSpecialColumn" time="6.199" classname="com.f.dianqingoa.testcase.SuiteTest003_SwitchTitle"/>
  <testcase name="test05_switchApeAsk" time="3.376" classname="com.f.dianqingoa.testcase.SuiteTest003_SwitchTitle">
    <skipped/>
  </testcase> <!-- test05_switchApeAsk -->
  <testcase name="test05_switchApeAsk" time="1.997" classname="com.f.dianqingoa.testcase.SuiteTest003_SwitchTitle">
    <skipped/>
  </testcase> <!-- test05_switchApeAsk -->
  <testcase name="test05_switchApeAsk" time="2.012" classname="com.f.dianqingoa.testcase.SuiteTest003_SwitchTitle">
    <skipped/>
  </testcase> <!-- test05_switchApeAsk -->
  <testcase name="test05_switchApeAsk" time="3.323" classname="com.f.dianqingoa.testcase.SuiteTest003_SwitchTitle">
    <failure type="java.lang.AssertionError" message="跳转转失败！！！ expected [true] but found [false]">
      <![CDATA[java.lang.AssertionError: 跳转转失败！！！ expected [true] but found [false]
at com.f.dianqingoa.testcase.SuiteTest003_SwitchTitle.test05_switchApeAsk(SuiteTest003_SwitchTitle.java:113)
at java.util.concurrent.ThreadPoolExecutor.runWorker(ThreadPoolExecutor.java:1142)
at java.util.concurrent.ThreadPoolExecutor$Worker.run(ThreadPoolExecutor.java:617)
at java.lang.Thread.run(Thread.java:745)
... Removed 13 stack frames]]>
    </failure>
  </testcase> <!-- test05_switchApeAsk -->
  <testcase name="test06_switchNotes" time="4.874" classname="com.f.dianqingoa.testcase.SuiteTest003_SwitchTitle">
    <skipped/>
  </testcase> <!-- test06_switchNotes -->
  <testcase name="test06_switchNotes" time="4.025" classname="com.f.dianqingoa.testcase.SuiteTest003_SwitchTitle">
    <skipped/>
  </testcase> <!-- test06_switchNotes -->
  <testcase name="test06_switchNotes" time="2.674" classname="com.f.dianqingoa.testcase.SuiteTest003_SwitchTitle">
    <skipped/>
  </testcase> <!-- test06_switchNotes -->
  <testcase name="test06_switchNotes" time="1.241" classname="com.f.dianqingoa.testcase.SuiteTest003_SwitchTitle">
    <failure type="java.lang.AssertionError" message="跳转转失败！！！ expected [true] but found [false]">
      <![CDATA[java.lang.AssertionError: 跳转转失败！！！ expected [true] but found [false]
at com.f.dianqingoa.testcase.SuiteTest003_SwitchTitle.test06_switchNotes(SuiteTest003_SwitchTitle.java:122)
at java.util.concurrent.ThreadPoolExecutor.runWorker(ThreadPoolExecutor.java:1142)
at java.util.concurrent.ThreadPoolExecutor$Worker.run(ThreadPoolExecutor.java:617)
at java.lang.Thread.run(Thread.java:745)
... Removed 13 stack frames]]>
    </failure>
  </testcase> <!-- test06_switchNotes -->
</testsuite> <!-- Test2 -->
