<?xml version="1.0" encoding="UTF-8"?>
<testng-results skipped="6" failed="0" ignored="0" total="12" passed="6">
  <reporter-output>
    <line>
      <![CDATA[RunCount=1]]>
    </line>
    <line>
      <![CDATA[RunCount=2]]>
    </line>
    <line>
      <![CDATA[RunCount=3]]>
    </line>
    <line>
      <![CDATA[RunCount=1]]>
    </line>
    <line>
      <![CDATA[RunCount=2]]>
    </line>
    <line>
      <![CDATA[RunCount=3]]>
    </line>
  </reporter-output>
  <suite name="Suite" duration-ms="141809" started-at="2019-07-12T10:44:53Z" finished-at="2019-07-12T10:47:15Z">
    <groups>
    </groups>
    <test name="Test1" duration-ms="18776" started-at="2019-07-12T10:44:53Z" finished-at="2019-07-12T10:45:12Z">
      <class name="com.f.dianqingoa.testcase.SuiteTest001_Login">
        <test-method status="PASS" signature="beforeClass()[pri:0, instance:com.f.dianqingoa.testcase.SuiteTest001_Login@12cdcf4]" name="beforeClass" is-config="true" duration-ms="9539" started-at="2019-07-12T10:44:53Z" finished-at="2019-07-12T10:45:03Z">
          <reporter-output>
          </reporter-output>
        </test-method> <!-- beforeClass -->
        <test-method status="PASS" signature="testLogin(java.lang.String, java.lang.String)[pri:0, instance:com.f.dianqingoa.testcase.SuiteTest001_Login@12cdcf4]" name="testLogin" duration-ms="7000" started-at="2019-07-12T10:45:03Z" finished-at="2019-07-12T10:45:10Z">
          <params>
            <param index="0">
              <value>
                <![CDATA[1357863545@qq.com]]>
              </value>
            </param>
            <param index="1">
              <value>
                <![CDATA[0108152535]]>
              </value>
            </param>
          </params>
          <reporter-output>
          </reporter-output>
        </test-method> <!-- testLogin -->
        <test-method status="PASS" signature="afterClass()[pri:0, instance:com.f.dianqingoa.testcase.SuiteTest001_Login@12cdcf4]" name="afterClass" is-config="true" duration-ms="2189" started-at="2019-07-12T10:45:10Z" finished-at="2019-07-12T10:45:12Z">
          <reporter-output>
          </reporter-output>
        </test-method> <!-- afterClass -->
      </class> <!-- com.f.dianqingoa.testcase.SuiteTest001_Login -->
    </test> <!-- Test1 -->
    <test name="Test2" duration-ms="122955" started-at="2019-07-12T10:45:12Z" finished-at="2019-07-12T10:47:15Z">
      <class name="com.f.dianqingoa.testcase.SuiteTest002_Logout">
        <test-method status="PASS" signature="beforeClass()[pri:0, instance:com.f.dianqingoa.testcase.SuiteTest002_Logout@2db7a79b]" name="beforeClass" is-config="true" duration-ms="23807" started-at="2019-07-12T10:45:12Z" finished-at="2019-07-12T10:45:36Z">
          <reporter-output>
          </reporter-output>
        </test-method> <!-- beforeClass -->
        <test-method status="PASS" signature="testLogout()[pri:0, instance:com.f.dianqingoa.testcase.SuiteTest002_Logout@2db7a79b]" name="testLogout" duration-ms="6814" started-at="2019-07-12T10:45:36Z" finished-at="2019-07-12T10:45:43Z">
          <reporter-output>
          </reporter-output>
        </test-method> <!-- testLogout -->
        <test-method status="PASS" signature="afterClass()[pri:0, instance:com.f.dianqingoa.testcase.SuiteTest002_Logout@2db7a79b]" name="afterClass" is-config="true" duration-ms="3244" started-at="2019-07-12T10:45:43Z" finished-at="2019-07-12T10:45:46Z">
          <reporter-output>
          </reporter-output>
        </test-method> <!-- afterClass -->
      </class> <!-- com.f.dianqingoa.testcase.SuiteTest002_Logout -->
      <class name="com.f.dianqingoa.testcase.SuiteTest003_SwitchTitle">
        <test-method status="PASS" signature="beforeClass()[pri:0, instance:com.f.dianqingoa.testcase.SuiteTest003_SwitchTitle@6950e31]" name="beforeClass" is-config="true" duration-ms="25658" started-at="2019-07-12T10:45:46Z" finished-at="2019-07-12T10:46:12Z">
          <reporter-output>
          </reporter-output>
        </test-method> <!-- beforeClass -->
        <test-method status="PASS" signature="test01_switchCourse()[pri:0, instance:com.f.dianqingoa.testcase.SuiteTest003_SwitchTitle@6950e31]" name="test01_switchCourse" duration-ms="7844" started-at="2019-07-12T10:46:12Z" finished-at="2019-07-12T10:46:19Z">
          <reporter-output>
          </reporter-output>
        </test-method> <!-- test01_switchCourse -->
        <test-method status="PASS" signature="test02_switchPracticalCourse()[pri:0, instance:com.f.dianqingoa.testcase.SuiteTest003_SwitchTitle@6950e31]" name="test02_switchPracticalCourse" duration-ms="9764" started-at="2019-07-12T10:46:19Z" finished-at="2019-07-12T10:46:29Z">
          <reporter-output>
          </reporter-output>
        </test-method> <!-- test02_switchPracticalCourse -->
        <test-method status="PASS" signature="test03_switchEmploymentClasses()[pri:0, instance:com.f.dianqingoa.testcase.SuiteTest003_SwitchTitle@6950e31]" name="test03_switchEmploymentClasses" duration-ms="11124" started-at="2019-07-12T10:46:29Z" finished-at="2019-07-12T10:46:40Z">
          <reporter-output>
          </reporter-output>
        </test-method> <!-- test03_switchEmploymentClasses -->
        <test-method status="PASS" signature="test04_switchSpecialColumn()[pri:0, instance:com.f.dianqingoa.testcase.SuiteTest003_SwitchTitle@6950e31]" name="test04_switchSpecialColumn" duration-ms="6199" started-at="2019-07-12T10:46:40Z" finished-at="2019-07-12T10:46:47Z">
          <reporter-output>
          </reporter-output>
        </test-method> <!-- test04_switchSpecialColumn -->
        <test-method status="SKIP" signature="test05_switchApeAsk()[pri:0, instance:com.f.dianqingoa.testcase.SuiteTest003_SwitchTitle@6950e31]" name="test05_switchApeAsk" duration-ms="3376" started-at="2019-07-12T10:46:47Z" finished-at="2019-07-12T10:46:50Z">
          <exception class="java.lang.AssertionError">
            <message>
              <![CDATA[跳转转失败！！！ expected [true] but found [false]]]>
            </message>
            <full-stacktrace>
              <![CDATA[java.lang.AssertionError: 跳转转失败！！！ expected [true] but found [false]
at org.testng.Assert.fail(Assert.java:96)
at org.testng.Assert.failNotEquals(Assert.java:776)
at org.testng.Assert.assertTrue(Assert.java:44)
at com.f.dianqingoa.testcase.SuiteTest003_SwitchTitle.test05_switchApeAsk(SuiteTest003_SwitchTitle.java:113)
at sun.reflect.NativeMethodAccessorImpl.invoke0(Native Method)
at sun.reflect.NativeMethodAccessorImpl.invoke(NativeMethodAccessorImpl.java:62)
at sun.reflect.DelegatingMethodAccessorImpl.invoke(DelegatingMethodAccessorImpl.java:43)
at java.lang.reflect.Method.invoke(Method.java:498)
at org.testng.internal.MethodInvocationHelper.invokeMethod(MethodInvocationHelper.java:124)
at org.testng.internal.Invoker.invokeMethod(Invoker.java:580)
at org.testng.internal.Invoker.invokeTestMethod(Invoker.java:716)
at org.testng.internal.Invoker.invokeTestMethods(Invoker.java:988)
at org.testng.internal.TestMethodWorker.invokeTestMethods(TestMethodWorker.java:125)
at org.testng.internal.TestMethodWorker.run(TestMethodWorker.java:109)
at java.util.concurrent.ThreadPoolExecutor.runWorker(ThreadPoolExecutor.java:1142)
at java.util.concurrent.ThreadPoolExecutor$Worker.run(ThreadPoolExecutor.java:617)
at java.lang.Thread.run(Thread.java:745)
]]>
            </full-stacktrace>
          </exception> <!-- java.lang.AssertionError -->
          <reporter-output>
            <line>
              <![CDATA[RunCount=1]]>
            </line>
          </reporter-output>
        </test-method> <!-- test05_switchApeAsk -->
        <test-method status="SKIP" signature="test05_switchApeAsk()[pri:0, instance:com.f.dianqingoa.testcase.SuiteTest003_SwitchTitle@6950e31]" name="test05_switchApeAsk" duration-ms="1997" started-at="2019-07-12T10:46:50Z" finished-at="2019-07-12T10:46:52Z">
          <exception class="java.lang.AssertionError">
            <message>
              <![CDATA[跳转转失败！！！ expected [true] but found [false]]]>
            </message>
            <full-stacktrace>
              <![CDATA[java.lang.AssertionError: 跳转转失败！！！ expected [true] but found [false]
at org.testng.Assert.fail(Assert.java:96)
at org.testng.Assert.failNotEquals(Assert.java:776)
at org.testng.Assert.assertTrue(Assert.java:44)
at com.f.dianqingoa.testcase.SuiteTest003_SwitchTitle.test05_switchApeAsk(SuiteTest003_SwitchTitle.java:113)
at sun.reflect.NativeMethodAccessorImpl.invoke0(Native Method)
at sun.reflect.NativeMethodAccessorImpl.invoke(NativeMethodAccessorImpl.java:62)
at sun.reflect.DelegatingMethodAccessorImpl.invoke(DelegatingMethodAccessorImpl.java:43)
at java.lang.reflect.Method.invoke(Method.java:498)
at org.testng.internal.MethodInvocationHelper.invokeMethod(MethodInvocationHelper.java:124)
at org.testng.internal.Invoker.invokeMethod(Invoker.java:580)
at org.testng.internal.Invoker.retryFailed(Invoker.java:838)
at org.testng.internal.Invoker.invokeTestMethods(Invoker.java:1009)
at org.testng.internal.TestMethodWorker.invokeTestMethods(TestMethodWorker.java:125)
at org.testng.internal.TestMethodWorker.run(TestMethodWorker.java:109)
at java.util.concurrent.ThreadPoolExecutor.runWorker(ThreadPoolExecutor.java:1142)
at java.util.concurrent.ThreadPoolExecutor$Worker.run(ThreadPoolExecutor.java:617)
at java.lang.Thread.run(Thread.java:745)
]]>
            </full-stacktrace>
          </exception> <!-- java.lang.AssertionError -->
          <reporter-output>
            <line>
              <![CDATA[RunCount=2]]>
            </line>
          </reporter-output>
        </test-method> <!-- test05_switchApeAsk -->
        <test-method status="SKIP" signature="test05_switchApeAsk()[pri:0, instance:com.f.dianqingoa.testcase.SuiteTest003_SwitchTitle@6950e31]" name="test05_switchApeAsk" duration-ms="2012" started-at="2019-07-12T10:46:52Z" finished-at="2019-07-12T10:46:54Z">
          <exception class="java.lang.AssertionError">
            <message>
              <![CDATA[跳转转失败！！！ expected [true] but found [false]]]>
            </message>
            <full-stacktrace>
              <![CDATA[java.lang.AssertionError: 跳转转失败！！！ expected [true] but found [false]
at org.testng.Assert.fail(Assert.java:96)
at org.testng.Assert.failNotEquals(Assert.java:776)
at org.testng.Assert.assertTrue(Assert.java:44)
at com.f.dianqingoa.testcase.SuiteTest003_SwitchTitle.test05_switchApeAsk(SuiteTest003_SwitchTitle.java:113)
at sun.reflect.NativeMethodAccessorImpl.invoke0(Native Method)
at sun.reflect.NativeMethodAccessorImpl.invoke(NativeMethodAccessorImpl.java:62)
at sun.reflect.DelegatingMethodAccessorImpl.invoke(DelegatingMethodAccessorImpl.java:43)
at java.lang.reflect.Method.invoke(Method.java:498)
at org.testng.internal.MethodInvocationHelper.invokeMethod(MethodInvocationHelper.java:124)
at org.testng.internal.Invoker.invokeMethod(Invoker.java:580)
at org.testng.internal.Invoker.retryFailed(Invoker.java:838)
at org.testng.internal.Invoker.invokeTestMethods(Invoker.java:1009)
at org.testng.internal.TestMethodWorker.invokeTestMethods(TestMethodWorker.java:125)
at org.testng.internal.TestMethodWorker.run(TestMethodWorker.java:109)
at java.util.concurrent.ThreadPoolExecutor.runWorker(ThreadPoolExecutor.java:1142)
at java.util.concurrent.ThreadPoolExecutor$Worker.run(ThreadPoolExecutor.java:617)
at java.lang.Thread.run(Thread.java:745)
]]>
            </full-stacktrace>
          </exception> <!-- java.lang.AssertionError -->
          <reporter-output>
            <line>
              <![CDATA[RunCount=3]]>
            </line>
          </reporter-output>
        </test-method> <!-- test05_switchApeAsk -->
        <test-method status="SKIP" signature="test06_switchNotes()[pri:0, instance:com.f.dianqingoa.testcase.SuiteTest003_SwitchTitle@6950e31]" name="test06_switchNotes" duration-ms="4874" started-at="2019-07-12T10:46:58Z" finished-at="2019-07-12T10:47:03Z">
          <exception class="java.lang.AssertionError">
            <message>
              <![CDATA[跳转转失败！！！ expected [true] but found [false]]]>
            </message>
            <full-stacktrace>
              <![CDATA[java.lang.AssertionError: 跳转转失败！！！ expected [true] but found [false]
at org.testng.Assert.fail(Assert.java:96)
at org.testng.Assert.failNotEquals(Assert.java:776)
at org.testng.Assert.assertTrue(Assert.java:44)
at com.f.dianqingoa.testcase.SuiteTest003_SwitchTitle.test06_switchNotes(SuiteTest003_SwitchTitle.java:122)
at sun.reflect.NativeMethodAccessorImpl.invoke0(Native Method)
at sun.reflect.NativeMethodAccessorImpl.invoke(NativeMethodAccessorImpl.java:62)
at sun.reflect.DelegatingMethodAccessorImpl.invoke(DelegatingMethodAccessorImpl.java:43)
at java.lang.reflect.Method.invoke(Method.java:498)
at org.testng.internal.MethodInvocationHelper.invokeMethod(MethodInvocationHelper.java:124)
at org.testng.internal.Invoker.invokeMethod(Invoker.java:580)
at org.testng.internal.Invoker.invokeTestMethod(Invoker.java:716)
at org.testng.internal.Invoker.invokeTestMethods(Invoker.java:988)
at org.testng.internal.TestMethodWorker.invokeTestMethods(TestMethodWorker.java:125)
at org.testng.internal.TestMethodWorker.run(TestMethodWorker.java:109)
at java.util.concurrent.ThreadPoolExecutor.runWorker(ThreadPoolExecutor.java:1142)
at java.util.concurrent.ThreadPoolExecutor$Worker.run(ThreadPoolExecutor.java:617)
at java.lang.Thread.run(Thread.java:745)
]]>
            </full-stacktrace>
          </exception> <!-- java.lang.AssertionError -->
          <reporter-output>
            <line>
              <![CDATA[RunCount=1]]>
            </line>
          </reporter-output>
        </test-method> <!-- test06_switchNotes -->
        <test-method status="SKIP" signature="test06_switchNotes()[pri:0, instance:com.f.dianqingoa.testcase.SuiteTest003_SwitchTitle@6950e31]" name="test06_switchNotes" duration-ms="4025" started-at="2019-07-12T10:47:03Z" finished-at="2019-07-12T10:47:07Z">
          <exception class="java.lang.AssertionError">
            <message>
              <![CDATA[跳转转失败！！！ expected [true] but found [false]]]>
            </message>
            <full-stacktrace>
              <![CDATA[java.lang.AssertionError: 跳转转失败！！！ expected [true] but found [false]
at org.testng.Assert.fail(Assert.java:96)
at org.testng.Assert.failNotEquals(Assert.java:776)
at org.testng.Assert.assertTrue(Assert.java:44)
at com.f.dianqingoa.testcase.SuiteTest003_SwitchTitle.test06_switchNotes(SuiteTest003_SwitchTitle.java:122)
at sun.reflect.NativeMethodAccessorImpl.invoke0(Native Method)
at sun.reflect.NativeMethodAccessorImpl.invoke(NativeMethodAccessorImpl.java:62)
at sun.reflect.DelegatingMethodAccessorImpl.invoke(DelegatingMethodAccessorImpl.java:43)
at java.lang.reflect.Method.invoke(Method.java:498)
at org.testng.internal.MethodInvocationHelper.invokeMethod(MethodInvocationHelper.java:124)
at org.testng.internal.Invoker.invokeMethod(Invoker.java:580)
at org.testng.internal.Invoker.retryFailed(Invoker.java:838)
at org.testng.internal.Invoker.invokeTestMethods(Invoker.java:1009)
at org.testng.internal.TestMethodWorker.invokeTestMethods(TestMethodWorker.java:125)
at org.testng.internal.TestMethodWorker.run(TestMethodWorker.java:109)
at java.util.concurrent.ThreadPoolExecutor.runWorker(ThreadPoolExecutor.java:1142)
at java.util.concurrent.ThreadPoolExecutor$Worker.run(ThreadPoolExecutor.java:617)
at java.lang.Thread.run(Thread.java:745)
]]>
            </full-stacktrace>
          </exception> <!-- java.lang.AssertionError -->
          <reporter-output>
            <line>
              <![CDATA[RunCount=2]]>
            </line>
          </reporter-output>
        </test-method> <!-- test06_switchNotes -->
        <test-method status="SKIP" signature="test06_switchNotes()[pri:0, instance:com.f.dianqingoa.testcase.SuiteTest003_SwitchTitle@6950e31]" name="test06_switchNotes" duration-ms="2674" started-at="2019-07-12T10:47:07Z" finished-at="2019-07-12T10:47:10Z">
          <exception class="java.lang.AssertionError">
            <message>
              <![CDATA[跳转转失败！！！ expected [true] but found [false]]]>
            </message>
            <full-stacktrace>
              <![CDATA[java.lang.AssertionError: 跳转转失败！！！ expected [true] but found [false]
at org.testng.Assert.fail(Assert.java:96)
at org.testng.Assert.failNotEquals(Assert.java:776)
at org.testng.Assert.assertTrue(Assert.java:44)
at com.f.dianqingoa.testcase.SuiteTest003_SwitchTitle.test06_switchNotes(SuiteTest003_SwitchTitle.java:122)
at sun.reflect.NativeMethodAccessorImpl.invoke0(Native Method)
at sun.reflect.NativeMethodAccessorImpl.invoke(NativeMethodAccessorImpl.java:62)
at sun.reflect.DelegatingMethodAccessorImpl.invoke(DelegatingMethodAccessorImpl.java:43)
at java.lang.reflect.Method.invoke(Method.java:498)
at org.testng.internal.MethodInvocationHelper.invokeMethod(MethodInvocationHelper.java:124)
at org.testng.internal.Invoker.invokeMethod(Invoker.java:580)
at org.testng.internal.Invoker.retryFailed(Invoker.java:838)
at org.testng.internal.Invoker.invokeTestMethods(Invoker.java:1009)
at org.testng.internal.TestMethodWorker.invokeTestMethods(TestMethodWorker.java:125)
at org.testng.internal.TestMethodWorker.run(TestMethodWorker.java:109)
at java.util.concurrent.ThreadPoolExecutor.runWorker(ThreadPoolExecutor.java:1142)
at java.util.concurrent.ThreadPoolExecutor$Worker.run(ThreadPoolExecutor.java:617)
at java.lang.Thread.run(Thread.java:745)
]]>
            </full-stacktrace>
          </exception> <!-- java.lang.AssertionError -->
          <reporter-output>
            <line>
              <![CDATA[RunCount=3]]>
            </line>
          </reporter-output>
        </test-method> <!-- test06_switchNotes -->
        <test-method status="PASS" signature="afterClass()[pri:0, instance:com.f.dianqingoa.testcase.SuiteTest003_SwitchTitle@6950e31]" name="afterClass" is-config="true" duration-ms="3353" started-at="2019-07-12T10:47:12Z" finished-at="2019-07-12T10:47:15Z">
          <reporter-output>
          </reporter-output>
        </test-method> <!-- afterClass -->
      </class> <!-- com.f.dianqingoa.testcase.SuiteTest003_SwitchTitle -->
    </test> <!-- Test2 -->
  </suite> <!-- Suite -->
</testng-results>
