<?xml version="1.0" encoding="UTF-8"?>
<testsuite name="Test2"
           tests="6"
           failures="0"
           errors="0"
           skipped="0"
           time="46.922">
  <properties />
  
  
            <testcase name="test01_switchCourse" time="3.985" classname="com.f.dianqingoa.testcase.SuiteTest003_SwitchTitle" />
                <testcase name="test02_switchPracticalCourse" time="10.621" classname="com.f.dianqingoa.testcase.SuiteTest003_SwitchTitle" />
                <testcase name="test03_switchEmploymentClasses" time="12.050" classname="com.f.dianqingoa.testcase.SuiteTest003_SwitchTitle" />
                <testcase name="test05_switchApeAsk" time="4.608" classname="com.f.dianqingoa.testcase.SuiteTest003_SwitchTitle" />
                <testcase name="test04_switchSpecialColumn" time="10.305" classname="com.f.dianqingoa.testcase.SuiteTest003_SwitchTitle" />
                <testcase name="test06_switchNotes" time="5.353" classname="com.f.dianqingoa.testcase.SuiteTest003_SwitchTitle" />
      
</testsuite>
