<?xml version="1.0" encoding="UTF-8"?>
<testsuite name="Test1"
           tests="2"
           failures="1"
           errors="0"
           skipped="1"
           time="0.002">
  <properties />
            <testcase name="beforeClass" time="0.002" classname="com.f.dianqingoa.testcase.SuiteLogoutTest">
                <failure type="java.lang.NullPointerException"
                  message="(null)"
              >
<![CDATA[java.lang.NullPointerException
  com.f.dianqingoa.testcase.SuiteLogoutTest.beforeClass(SuiteLogoutTest.java:30)
  sun.reflect.NativeMethodAccessorImpl.invoke0(Native Method)
  sun.reflect.NativeMethodAccessorImpl.invoke(NativeMethodAccessorImpl.java:62)
  sun.reflect.DelegatingMethodAccessorImpl.invoke(DelegatingMethodAccessorImpl.java:43)
  java.lang.reflect.Method.invoke(Method.java:498)
  org.testng.internal.MethodInvocationHelper.invokeMethod(MethodInvocationHelper.java:124)
  org.testng.internal.MethodInvocationHelper.invokeMethodConsideringTimeout(MethodInvocationHelper.java:59)
  org.testng.internal.Invoker.invokeConfigurationMethod(Invoker.java:455)
  org.testng.internal.Invoker.invokeConfigurations(Invoker.java:222)
  org.testng.internal.Invoker.invokeConfigurations(Invoker.java:142)
  org.testng.internal.TestMethodWorker.invokeBeforeClassMethods(TestMethodWorker.java:168)
  org.testng.internal.TestMethodWorker.run(TestMethodWorker.java:105)
  java.util.concurrent.ThreadPoolExecutor.runWorker(ThreadPoolExecutor.java:1142)
  java.util.concurrent.ThreadPoolExecutor$Worker.run(ThreadPoolExecutor.java:617)
  java.lang.Thread.run(Thread.java:745)
]]>
      </failure>

          </testcase>
  
            <testcase name="afterClass" time="0.0" classname="com.f.dianqingoa.testcase.SuiteLogoutTest">
          <skipped />
    </testcase>
  
  
</testsuite>
