<?xml version="1.0" encoding="UTF-8"?>
<testsuite name="Test2"
           tests="12"
           failures="0"
           errors="0"
           skipped="9"
           time="83.531">
  <properties />
  
            <testcase name="test04_switchSpecialColumn" time="0.0" classname="com.f.dianqingoa.testcase.SuiteTest003_SwitchTitle">
          <skipped />
    </testcase>
            <testcase name="test06_switchNotes" time="0.0" classname="com.f.dianqingoa.testcase.SuiteTest003_SwitchTitle">
          <skipped />
    </testcase>
            <testcase name="test04_switchSpecialColumn" time="0.0" classname="com.f.dianqingoa.testcase.SuiteTest003_SwitchTitle">
          <skipped />
    </testcase>
            <testcase name="test04_switchSpecialColumn" time="0.0" classname="com.f.dianqingoa.testcase.SuiteTest003_SwitchTitle">
          <skipped />
    </testcase>
            <testcase name="test05_switchApeAsk" time="0.0" classname="com.f.dianqingoa.testcase.SuiteTest003_SwitchTitle">
          <skipped />
    </testcase>
            <testcase name="test06_switchNotes" time="0.0" classname="com.f.dianqingoa.testcase.SuiteTest003_SwitchTitle">
          <skipped />
    </testcase>
            <testcase name="test06_switchNotes" time="0.0" classname="com.f.dianqingoa.testcase.SuiteTest003_SwitchTitle">
          <skipped />
    </testcase>
            <testcase name="test05_switchApeAsk" time="0.0" classname="com.f.dianqingoa.testcase.SuiteTest003_SwitchTitle">
          <skipped />
    </testcase>
            <testcase name="test05_switchApeAsk" time="0.0" classname="com.f.dianqingoa.testcase.SuiteTest003_SwitchTitle">
          <skipped />
    </testcase>
  
            <testcase name="test03_switchEmploymentClasses" time="13.934" classname="com.f.dianqingoa.testcase.SuiteTest003_SwitchTitle" />
                <testcase name="test01_switchCourse" time="2.421" classname="com.f.dianqingoa.testcase.SuiteTest003_SwitchTitle" />
                <testcase name="test02_switchPracticalCourse" time="7.635" classname="com.f.dianqingoa.testcase.SuiteTest003_SwitchTitle" />
      
</testsuite>
